<?xml version="1.0" encoding="UTF-8"?>
<coverage generated="1565516647522" clover="3.2.0">
  <project timestamp="1565516647522" name="All files">
    <metrics statements="154" coveredstatements="67" conditionals="71" coveredconditionals="15" methods="58" coveredmethods="27" elements="283" coveredelements="109" complexity="0" loc="154" ncloc="154" packages="6" files="19" classes="19">
      <package name="src">
        <metrics statements="51" coveredstatements="1" conditionals="36" coveredconditionals="0" methods="16" coveredmethods="1"/>
        <file name="App.js" path="C:\Users\vlaso\Documents\GitHub\chat-react-redux-websocket\src\App.js">
          <metrics statements="1" coveredstatements="1" conditionals="0" coveredconditionals="0" methods="1" coveredmethods="1"/>
          <line num="10" count="1" type="stmt"/>
        </file>
        <file name="index.js" path="C:\Users\vlaso\Documents\GitHub\chat-react-redux-websocket\src\index.js">
          <metrics statements="12" coveredstatements="0" conditionals="4" coveredconditionals="0" methods="0" coveredmethods="0"/>
          <line num="1" count="0" type="stmt"/>
          <line num="2" count="0" type="stmt"/>
          <line num="3" count="0" type="stmt"/>
          <line num="4" count="0" type="stmt"/>
          <line num="5" count="0" type="stmt"/>
          <line num="6" count="0" type="stmt"/>
          <line num="7" count="0" type="stmt"/>
          <line num="8" count="0" type="stmt"/>
          <line num="10" count="0" type="stmt"/>
          <line num="12" count="0" type="stmt"/>
          <line num="23" count="0" type="stmt"/>
          <line num="33" count="0" type="stmt"/>
        </file>
        <file name="serviceWorker.js" path="C:\Users\vlaso\Documents\GitHub\chat-react-redux-websocket\src\serviceWorker.js">
          <metrics statements="38" coveredstatements="0" conditionals="32" coveredconditionals="0" methods="15" coveredmethods="0"/>
          <line num="1" count="0" type="stmt"/>
          <line num="12" count="0" type="cond" truecount="0" falsecount="4"/>
          <line num="14" count="0" type="stmt"/>
          <line num="15" count="0" type="cond" truecount="0" falsecount="2"/>
          <line num="19" count="0" type="stmt"/>
          <line num="22" count="0" type="stmt"/>
          <line num="23" count="0" type="stmt"/>
          <line num="25" count="0" type="cond" truecount="0" falsecount="2"/>
          <line num="27" count="0" type="stmt"/>
          <line num="31" count="0" type="stmt"/>
          <line num="32" count="0" type="stmt"/>
          <line num="39" count="0" type="stmt"/>
          <line num="46" count="0" type="stmt"/>
          <line num="49" count="0" type="stmt"/>
          <line num="50" count="0" type="stmt"/>
          <line num="51" count="0" type="cond" truecount="0" falsecount="2"/>
          <line num="52" count="0" type="stmt"/>
          <line num="54" count="0" type="stmt"/>
          <line num="55" count="0" type="cond" truecount="0" falsecount="2"/>
          <line num="56" count="0" type="cond" truecount="0" falsecount="2"/>
          <line num="60" count="0" type="stmt"/>
          <line num="66" count="0" type="cond" truecount="0" falsecount="4"/>
          <line num="67" count="0" type="stmt"/>
          <line num="73" count="0" type="stmt"/>
          <line num="76" count="0" type="cond" truecount="0" falsecount="4"/>
          <line num="77" count="0" type="stmt"/>
          <line num="85" count="0" type="stmt"/>
          <line num="91" count="0" type="stmt"/>
          <line num="94" count="0" type="stmt"/>
          <line num="95" count="0" type="cond" truecount="0" falsecount="2"/>
          <line num="100" count="0" type="stmt"/>
          <line num="101" count="0" type="stmt"/>
          <line num="102" count="0" type="stmt"/>
          <line num="107" count="0" type="stmt"/>
          <line num="111" count="0" type="stmt"/>
          <line num="118" count="0" type="cond" truecount="0" falsecount="2"/>
          <line num="119" count="0" type="stmt"/>
          <line num="120" count="0" type="stmt"/>
        </file>
      </package>
      <package name="src.components">
        <metrics statements="49" coveredstatements="33" conditionals="18" coveredconditionals="4" methods="18" coveredmethods="13"/>
        <file name="AddNewMessage.js" path="C:\Users\vlaso\Documents\GitHub\chat-react-redux-websocket\src\components\AddNewMessage.js">
          <metrics statements="7" coveredstatements="3" conditionals="4" coveredconditionals="0" methods="3" coveredmethods="2"/>
          <line num="6" count="0" type="stmt"/>
          <line num="7" count="0" type="cond" truecount="0" falsecount="4"/>
          <line num="8" count="0" type="stmt"/>
          <line num="9" count="0" type="stmt"/>
          <line num="14" count="2" type="stmt"/>
          <line num="21" count="2" type="stmt"/>
          <line num="34" count="2" type="stmt"/>
        </file>
        <file name="Chat.js" path="C:\Users\vlaso\Documents\GitHub\chat-react-redux-websocket\src\components\Chat.js">
          <metrics statements="4" coveredstatements="3" conditionals="0" coveredconditionals="0" methods="2" coveredmethods="1"/>
          <line num="7" count="2" type="stmt"/>
          <line num="8" count="2" type="stmt"/>
          <line num="12" count="0" type="stmt"/>
          <line num="23" count="2" type="stmt"/>
        </file>
        <file name="Login.js" path="C:\Users\vlaso\Documents\GitHub\chat-react-redux-websocket\src\components\Login.js">
          <metrics statements="15" coveredstatements="6" conditionals="10" coveredconditionals="2" methods="4" coveredmethods="3"/>
          <line num="8" count="2" type="stmt"/>
          <line num="9" count="2" type="stmt"/>
          <line num="16" count="0" type="stmt"/>
          <line num="17" count="0" type="cond" truecount="0" falsecount="2"/>
          <line num="18" count="0" type="stmt"/>
          <line num="19" count="0" type="cond" truecount="0" falsecount="2"/>
          <line num="20" count="0" type="cond" truecount="0" falsecount="2"/>
          <line num="21" count="0" type="stmt"/>
          <line num="22" count="0" type="stmt"/>
          <line num="23" count="0" type="stmt"/>
          <line num="24" count="0" type="stmt"/>
          <line num="30" count="2" type="stmt"/>
          <line num="32" count="2" type="stmt"/>
          <line num="42" count="2" type="stmt"/>
          <line num="56" count="2" type="stmt"/>
        </file>
        <file name="Message.js" path="C:\Users\vlaso\Documents\GitHub\chat-react-redux-websocket\src\components\Message.js">
          <metrics statements="3" coveredstatements="3" conditionals="0" coveredconditionals="0" methods="1" coveredmethods="1"/>
          <line num="4" count="3" type="stmt"/>
          <line num="5" count="1" type="stmt"/>
          <line num="12" count="3" type="stmt"/>
        </file>
        <file name="Rating.js" path="C:\Users\vlaso\Documents\GitHub\chat-react-redux-websocket\src\components\Rating.js">
          <metrics statements="15" coveredstatements="14" conditionals="4" coveredconditionals="2" methods="5" coveredmethods="4"/>
          <line num="5" count="4" type="stmt"/>
          <line num="7" count="4" type="stmt"/>
          <line num="8" count="4" type="stmt"/>
          <line num="9" count="2" type="stmt"/>
          <line num="10" count="2" type="stmt"/>
          <line num="11" count="2" type="cond" truecount="1" falsecount="1"/>
          <line num="12" count="2" type="stmt"/>
          <line num="13" count="2" type="stmt"/>
          <line num="17" count="4" type="stmt"/>
          <line num="18" count="4" type="stmt"/>
          <line num="19" count="2" type="stmt"/>
          <line num="22" count="4" type="stmt"/>
          <line num="23" count="0" type="stmt"/>
          <line num="26" count="4" type="stmt"/>
          <line num="31" count="2" type="stmt"/>
        </file>
        <file name="Sidebar.js" path="C:\Users\vlaso\Documents\GitHub\chat-react-redux-websocket\src\components\Sidebar.js">
          <metrics statements="1" coveredstatements="1" conditionals="0" coveredconditionals="0" methods="1" coveredmethods="1"/>
          <line num="7" count="2" type="stmt"/>
        </file>
        <file name="UserList.js" path="C:\Users\vlaso\Documents\GitHub\chat-react-redux-websocket\src\components\UserList.js">
          <metrics statements="4" coveredstatements="3" conditionals="0" coveredconditionals="0" methods="2" coveredmethods="1"/>
          <line num="6" count="3" type="stmt"/>
          <line num="8" count="3" type="stmt"/>
          <line num="13" count="0" type="stmt"/>
          <line num="21" count="3" type="stmt"/>
        </file>
      </package>
      <package name="src.containers">
        <metrics statements="9" coveredstatements="6" conditionals="0" coveredconditionals="0" methods="9" coveredmethods="6"/>
        <file name="AddNewMessage.js" path="C:\Users\vlaso\Documents\GitHub\chat-react-redux-websocket\src\containers\AddNewMessage.js">
          <metrics statements="3" coveredstatements="2" conditionals="0" coveredconditionals="0" methods="3" coveredmethods="2"/>
          <line num="5" count="1" type="stmt"/>
          <line num="7" count="0" type="stmt"/>
          <line num="11" count="1" type="stmt"/>
        </file>
        <file name="Chat.js" path="C:\Users\vlaso\Documents\GitHub\chat-react-redux-websocket\src\containers\Chat.js">
          <metrics statements="1" coveredstatements="1" conditionals="0" coveredconditionals="0" methods="1" coveredmethods="1"/>
          <line num="4" count="1" type="stmt"/>
        </file>
        <file name="Login.js" path="C:\Users\vlaso\Documents\GitHub\chat-react-redux-websocket\src\containers\Login.js">
          <metrics statements="4" coveredstatements="2" conditionals="0" coveredconditionals="0" methods="4" coveredmethods="2"/>
          <line num="5" count="1" type="stmt"/>
          <line num="7" count="0" type="stmt"/>
          <line num="10" count="0" type="stmt"/>
          <line num="14" count="1" type="stmt"/>
        </file>
        <file name="Sidebar.js" path="C:\Users\vlaso\Documents\GitHub\chat-react-redux-websocket\src\containers\Sidebar.js">
          <metrics statements="1" coveredstatements="1" conditionals="0" coveredconditionals="0" methods="1" coveredmethods="1"/>
          <line num="4" count="1" type="stmt"/>
        </file>
      </package>
      <package name="src.sagas">
        <metrics statements="4" coveredstatements="1" conditionals="0" coveredconditionals="0" methods="2" coveredmethods="0"/>
        <file name="index.js" path="C:\Users\vlaso\Documents\GitHub\chat-react-redux-websocket\src\sagas\index.js">
          <metrics statements="4" coveredstatements="1" conditionals="0" coveredconditionals="0" methods="2" coveredmethods="0"/>
          <line num="4" count="2" type="stmt"/>
          <line num="5" count="0" type="stmt"/>
          <line num="6" count="0" type="stmt"/>
          <line num="7" count="0" type="stmt"/>
        </file>
      </package>
      <package name="src.sockets">
        <metrics statements="15" coveredstatements="1" conditionals="4" coveredconditionals="0" methods="3" coveredmethods="0"/>
        <file name="index.js" path="C:\Users\vlaso\Documents\GitHub\chat-react-redux-websocket\src\sockets\index.js">
          <metrics statements="15" coveredstatements="1" conditionals="4" coveredconditionals="0" methods="3" coveredmethods="0"/>
          <line num="4" count="2" type="stmt"/>
          <line num="6" count="0" type="stmt"/>
          <line num="8" count="0" type="stmt"/>
          <line num="9" count="0" type="stmt"/>
          <line num="15" count="0" type="stmt"/>
          <line num="16" count="0" type="stmt"/>
          <line num="17" count="0" type="cond" truecount="0" falsecount="4"/>
          <line num="19" count="0" type="stmt"/>
          <line num="20" count="0" type="stmt"/>
          <line num="22" count="0" type="stmt"/>
          <line num="23" count="0" type="stmt"/>
          <line num="25" count="0" type="stmt"/>
          <line num="26" count="0" type="stmt"/>
          <line num="28" count="0" type="stmt"/>
          <line num="32" count="0" type="stmt"/>
        </file>
      </package>
      <package name="src.store">
        <metrics statements="26" coveredstatements="25" conditionals="13" coveredconditionals="11" methods="10" coveredmethods="7"/>
        <file name="actionTypes.js" path="C:\Users\vlaso\Documents\GitHub\chat-react-redux-websocket\src\store\actionTypes.js">
          <metrics statements="5" coveredstatements="5" conditionals="0" coveredconditionals="0" methods="0" coveredmethods="0"/>
          <line num="1" count="4" type="stmt"/>
          <line num="2" count="4" type="stmt"/>
          <line num="3" count="4" type="stmt"/>
          <line num="4" count="4" type="stmt"/>
          <line num="5" count="4" type="stmt"/>
        </file>
        <file name="actions.js" path="C:\Users\vlaso\Documents\GitHub\chat-react-redux-websocket\src\store\actions.js">
          <metrics statements="11" coveredstatements="11" conditionals="2" coveredconditionals="1" methods="7" coveredmethods="4"/>
          <line num="3" count="3" type="stmt"/>
          <line num="4" count="3" type="stmt"/>
          <line num="7" count="2" type="stmt"/>
          <line num="8" count="2" type="stmt"/>
          <line num="9" count="4" type="cond" truecount="1" falsecount="1"/>
          <line num="11" count="2" type="stmt"/>
          <line num="14" count="3" type="stmt"/>
          <line num="22" count="3" type="stmt"/>
          <line num="28" count="3" type="stmt"/>
          <line num="36" count="3" type="stmt"/>
          <line num="41" count="3" type="stmt"/>
        </file>
        <file name="reducers.js" path="C:\Users\vlaso\Documents\GitHub\chat-react-redux-websocket\src\store\reducers.js">
          <metrics statements="10" coveredstatements="9" conditionals="11" coveredconditionals="10" methods="3" coveredmethods="3"/>
          <line num="4" count="6" type="cond" truecount="3" falsecount="0"/>
          <line num="7" count="2" type="stmt"/>
          <line num="16" count="4" type="stmt"/>
          <line num="21" count="6" type="cond" truecount="2" falsecount="1"/>
          <line num="23" count="2" type="stmt"/>
          <line num="27" count="0" type="stmt"/>
          <line num="29" count="4" type="stmt"/>
          <line num="34" count="4" type="cond" truecount="2" falsecount="0"/>
          <line num="36" count="1" type="stmt"/>
          <line num="38" count="3" type="stmt"/>
        </file>
      </package>
    </metrics>
  </project>
</coverage>
