{"C:\\Users\\vlaso\\Documents\\GitHub\\chat-react-redux-websocket\\src\\App.js": {"path":"C:\\Users\\vlaso\\Documents\\GitHub\\chat-react-redux-websocket\\src\\App.js","statementMap":{"0":{"start":{"line":10,"column":4},"end":{"line":19,"column":6}}},"fnMap":{"0":{"name":"(anonymous_0)","decl":{"start":{"line":9,"column":2},"end":{"line":9,"column":3}},"loc":{"start":{"line":9,"column":11},"end":{"line":20,"column":3}},"line":9}},"branchMap":{},"s":{"0":1},"f":{"0":1},"b":{},"_coverageSchema":"332fd63041d2c1bcb487cc26dd0d5f7d97098a6c","hash":"850c5025c00476f18992566bce019023ce62a41f"}
,"C:\\Users\\vlaso\\Documents\\GitHub\\chat-react-redux-websocket\\src\\index.js": {"path":"C:\\Users\\vlaso\\Documents\\GitHub\\chat-react-redux-websocket\\src\\index.js","statementMap":{"0":{"start":{"line":1,"column":0},"end":{"line":null,"column":-1}},"1":{"start":{"line":2,"column":0},"end":{"line":null,"column":-1}},"2":{"start":{"line":3,"column":0},"end":{"line":null,"column":-1}},"3":{"start":{"line":4,"column":0},"end":{"line":null,"column":-1}},"4":{"start":{"line":5,"column":0},"end":{"line":null,"column":-1}},"5":{"start":{"line":6,"column":0},"end":{"line":null,"column":-1}},"6":{"start":{"line":7,"column":0},"end":{"line":null,"column":-1}},"7":{"start":{"line":8,"column":0},"end":{"line":null,"column":-1}},"8":{"start":{"line":10,"column":23},"end":{"line":10,"column":0}},"9":{"start":{"line":12,"column":14},"end":{"line":12,"column":0}},"10":{"start":{"line":23,"column":0},"end":{"line":null,"column":-1}},"11":{"start":{"line":33,"column":0},"end":{"line":null,"column":-1}}},"fnMap":{},"branchMap":{"0":{"loc":{"start":{"line":17,"column":6},"end":{"line":16,"column":4}},"type":"cond-expr","locations":[{"start":{"line":17,"column":6},"end":{"line":16,"column":4}},{"start":{"line":18,"column":6},"end":{"line":14,"column":2}}]},"1":{"loc":{"start":{"line":17,"column":6},"end":{"line":17,"column":5}},"type":"binary-expr","locations":[{"start":{"line":17,"column":6},"end":{"line":17,"column":5}},{"start":{"line":17,"column":45},"end":{"line":16,"column":4}}]}},"s":{"0":0,"1":0,"2":0,"3":0,"4":0,"5":0,"6":0,"7":0,"8":0,"9":0,"10":0,"11":0},"f":{},"b":{"0":[0,0],"1":[0,0]}}
,"C:\\Users\\vlaso\\Documents\\GitHub\\chat-react-redux-websocket\\src\\serviceWorker.js": {"path":"C:\\Users\\vlaso\\Documents\\GitHub\\chat-react-redux-websocket\\src\\serviceWorker.js","statementMap":{"0":{"start":{"line":1,"column":20},"end":{"line":1,"column":0}},"1":{"start":{"line":12,"column":2},"end":{"line":42,"column":3}},"2":{"start":{"line":14,"column":22},"end":{"line":14,"column":4}},"3":{"start":{"line":15,"column":4},"end":{"line":20,"column":5}},"4":{"start":{"line":19,"column":6},"end":{"line":null,"column":-1}},"5":{"start":{"line":22,"column":4},"end":{"line":null,"column":-1}},"6":{"start":{"line":23,"column":21},"end":{"line":23,"column":6}},"7":{"start":{"line":25,"column":6},"end":{"line":40,"column":7}},"8":{"start":{"line":27,"column":8},"end":{"line":25,"column":23}},"9":{"start":{"line":31,"column":8},"end":{"line":null,"column":-1}},"10":{"start":{"line":32,"column":10},"end":{"line":null,"column":-1}},"11":{"start":{"line":39,"column":8},"end":{"line":null,"column":-1}},"12":{"start":{"line":46,"column":2},"end":{"line":null,"column":-1}},"13":{"start":{"line":49,"column":6},"end":{"line":null,"column":-1}},"14":{"start":{"line":50,"column":33},"end":{"line":50,"column":8}},"15":{"start":{"line":51,"column":8},"end":{"line":53,"column":9}},"16":{"start":{"line":52,"column":10},"end":{"line":null,"column":-1}},"17":{"start":{"line":54,"column":8},"end":{"line":null,"column":-1}},"18":{"start":{"line":55,"column":10},"end":{"line":80,"column":11}},"19":{"start":{"line":56,"column":12},"end":{"line":79,"column":13}},"20":{"start":{"line":60,"column":14},"end":{"line":56,"column":52}},"21":{"start":{"line":66,"column":14},"end":{"line":68,"column":15}},"22":{"start":{"line":67,"column":16},"end":{"line":null,"column":-1}},"23":{"start":{"line":73,"column":14},"end":{"line":69,"column":19}},"24":{"start":{"line":76,"column":14},"end":{"line":78,"column":15}},"25":{"start":{"line":77,"column":16},"end":{"line":null,"column":-1}},"26":{"start":{"line":85,"column":6},"end":{"line":null,"column":-1}},"27":{"start":{"line":91,"column":2},"end":{"line":null,"column":-1}},"28":{"start":{"line":94,"column":26},"end":{"line":94,"column":6}},"29":{"start":{"line":95,"column":6},"end":{"line":108,"column":7}},"30":{"start":{"line":100,"column":8},"end":{"line":null,"column":-1}},"31":{"start":{"line":101,"column":10},"end":{"line":null,"column":-1}},"32":{"start":{"line":102,"column":12},"end":{"line":null,"column":-1}},"33":{"start":{"line":107,"column":8},"end":{"line":null,"column":-1}},"34":{"start":{"line":111,"column":6},"end":{"line":null,"column":-1}},"35":{"start":{"line":118,"column":2},"end":{"line":122,"column":3}},"36":{"start":{"line":119,"column":4},"end":{"line":null,"column":-1}},"37":{"start":{"line":120,"column":6},"end":{"line":null,"column":-1}}},"fnMap":{"0":{"name":"register","decl":{"start":{"line":11,"column":16},"end":{"line":11,"column":7}},"loc":{"start":{"line":11,"column":33},"end":{"line":43,"column":1}}},"1":{"name":"(anonymous_1)","decl":{"start":{"line":22,"column":36},"end":{"line":22,"column":41}},"loc":{"start":{"line":22,"column":42},"end":{"line":22,"column":4}}},"2":{"name":"(anonymous_2)","decl":{"start":{"line":31,"column":43},"end":{"line":31,"column":48}},"loc":{"start":{"line":31,"column":49},"end":{"line":31,"column":8}}},"3":{"name":"registerValidSW","decl":{"start":{"line":45,"column":9},"end":{"line":45,"column":0}},"loc":{"start":{"line":45,"column":40},"end":{"line":87,"column":1}}},"4":{"name":"(anonymous_4)","decl":{"start":{"line":48,"column":10},"end":{"line":48,"column":21}},"loc":{"start":{"line":48,"column":26},"end":{"line":46,"column":2}}},"5":{"name":"(anonymous_5)","decl":{"start":{"line":49,"column":35},"end":{"line":49,"column":40}},"loc":{"start":{"line":49,"column":41},"end":{"line":49,"column":6}}},"6":{"name":"(anonymous_6)","decl":{"start":{"line":54,"column":41},"end":{"line":54,"column":46}},"loc":{"start":{"line":54,"column":47},"end":{"line":54,"column":8}}},"7":{"name":"(anonymous_7)","decl":{"start":{"line":84,"column":11},"end":{"line":84,"column":15}},"loc":{"start":{"line":84,"column":20},"end":{"line":46,"column":2}}},"8":{"name":"checkValidServiceWorker","decl":{"start":{"line":89,"column":9},"end":{"line":89,"column":0}},"loc":{"start":{"line":89,"column":48},"end":{"line":115,"column":1}}},"9":{"name":"(anonymous_9)","decl":{"start":{"line":92,"column":10},"end":{"line":92,"column":17}},"loc":{"start":{"line":92,"column":22},"end":{"line":91,"column":2}}},"10":{"name":"(anonymous_10)","decl":{"start":{"line":100,"column":43},"end":{"line":100,"column":54}},"loc":{"start":{"line":100,"column":59},"end":{"line":100,"column":8}}},"11":{"name":"(anonymous_11)","decl":{"start":{"line":101,"column":41},"end":{"line":101,"column":46}},"loc":{"start":{"line":101,"column":47},"end":{"line":101,"column":10}}},"12":{"name":"(anonymous_12)","decl":{"start":{"line":110,"column":11},"end":{"line":110,"column":16}},"loc":{"start":{"line":110,"column":17},"end":{"line":91,"column":2}}},"13":{"name":"unregister","decl":{"start":{"line":117,"column":16},"end":{"line":117,"column":7}},"loc":{"start":{"line":117,"column":29},"end":{"line":123,"column":1}}},"14":{"name":"(anonymous_14)","decl":{"start":{"line":119,"column":39},"end":{"line":119,"column":50}},"loc":{"start":{"line":119,"column":55},"end":{"line":119,"column":4}}}},"branchMap":{"0":{"loc":{"start":{"line":2,"column":2},"end":{"line":2,"column":1}},"type":"binary-expr","locations":[{"start":{"line":2,"column":2},"end":{"line":2,"column":1}},{"start":{"line":4,"column":4},"end":{"line":2,"column":2}},{"start":{"line":6,"column":4},"end":{"line":1,"column":27}}]},"1":{"loc":{"start":{"line":12,"column":2},"end":{"line":42,"column":3}},"type":"if","locations":[{"start":{"line":12,"column":2},"end":{"line":42,"column":3}},{"start":{"line":12,"column":2},"end":{"line":42,"column":3}}]},"2":{"loc":{"start":{"line":12,"column":6},"end":{"line":12,"column":5}},"type":"binary-expr","locations":[{"start":{"line":12,"column":6},"end":{"line":12,"column":5}},{"start":{"line":12,"column":47},"end":{"line":12,"column":2}}]},"3":{"loc":{"start":{"line":15,"column":4},"end":{"line":20,"column":5}},"type":"if","locations":[{"start":{"line":15,"column":4},"end":{"line":20,"column":5}},{"start":{"line":15,"column":4},"end":{"line":20,"column":5}}]},"4":{"loc":{"start":{"line":25,"column":6},"end":{"line":40,"column":7}},"type":"if","locations":[{"start":{"line":25,"column":6},"end":{"line":40,"column":7}},{"start":{"line":25,"column":6},"end":{"line":40,"column":7}}]},"5":{"loc":{"start":{"line":51,"column":8},"end":{"line":53,"column":9}},"type":"if","locations":[{"start":{"line":51,"column":8},"end":{"line":53,"column":9}},{"start":{"line":51,"column":8},"end":{"line":53,"column":9}}]},"6":{"loc":{"start":{"line":55,"column":10},"end":{"line":80,"column":11}},"type":"if","locations":[{"start":{"line":55,"column":10},"end":{"line":80,"column":11}},{"start":{"line":55,"column":10},"end":{"line":80,"column":11}}]},"7":{"loc":{"start":{"line":56,"column":12},"end":{"line":79,"column":13}},"type":"if","locations":[{"start":{"line":56,"column":12},"end":{"line":79,"column":13}},{"start":{"line":56,"column":12},"end":{"line":79,"column":13}}]},"8":{"loc":{"start":{"line":66,"column":14},"end":{"line":68,"column":15}},"type":"if","locations":[{"start":{"line":66,"column":14},"end":{"line":68,"column":15}},{"start":{"line":66,"column":14},"end":{"line":68,"column":15}}]},"9":{"loc":{"start":{"line":66,"column":18},"end":{"line":66,"column":24}},"type":"binary-expr","locations":[{"start":{"line":66,"column":18},"end":{"line":66,"column":24}},{"start":{"line":66,"column":28},"end":{"line":66,"column":14}}]},"10":{"loc":{"start":{"line":76,"column":14},"end":{"line":78,"column":15}},"type":"if","locations":[{"start":{"line":76,"column":14},"end":{"line":78,"column":15}},{"start":{"line":76,"column":14},"end":{"line":78,"column":15}}]},"11":{"loc":{"start":{"line":76,"column":18},"end":{"line":76,"column":24}},"type":"binary-expr","locations":[{"start":{"line":76,"column":18},"end":{"line":76,"column":24}},{"start":{"line":76,"column":28},"end":{"line":76,"column":14}}]},"12":{"loc":{"start":{"line":95,"column":6},"end":{"line":108,"column":7}},"type":"if","locations":[{"start":{"line":95,"column":6},"end":{"line":108,"column":7}},{"start":{"line":95,"column":6},"end":{"line":108,"column":7}}]},"13":{"loc":{"start":{"line":96,"column":8},"end":{"line":96,"column":7}},"type":"binary-expr","locations":[{"start":{"line":96,"column":8},"end":{"line":96,"column":7}},{"start":{"line":97,"column":9},"end":{"line":97,"column":8}},{"start":{"line":97,"column":32},"end":{"line":95,"column":6}}]},"14":{"loc":{"start":{"line":118,"column":2},"end":{"line":122,"column":3}},"type":"if","locations":[{"start":{"line":118,"column":2},"end":{"line":122,"column":3}},{"start":{"line":118,"column":2},"end":{"line":122,"column":3}}]}},"s":{"0":0,"1":0,"2":0,"3":0,"4":0,"5":0,"6":0,"7":0,"8":0,"9":0,"10":0,"11":0,"12":0,"13":0,"14":0,"15":0,"16":0,"17":0,"18":0,"19":0,"20":0,"21":0,"22":0,"23":0,"24":0,"25":0,"26":0,"27":0,"28":0,"29":0,"30":0,"31":0,"32":0,"33":0,"34":0,"35":0,"36":0,"37":0},"f":{"0":0,"1":0,"2":0,"3":0,"4":0,"5":0,"6":0,"7":0,"8":0,"9":0,"10":0,"11":0,"12":0,"13":0,"14":0},"b":{"0":[0,0,0],"1":[0,0],"2":[0,0],"3":[0,0],"4":[0,0],"5":[0,0],"6":[0,0],"7":[0,0],"8":[0,0],"9":[0,0],"10":[0,0],"11":[0,0],"12":[0,0],"13":[0,0,0],"14":[0,0]}}
,"C:\\Users\\vlaso\\Documents\\GitHub\\chat-react-redux-websocket\\src\\components\\AddNewMessage.js": {"path":"C:\\Users\\vlaso\\Documents\\GitHub\\chat-react-redux-websocket\\src\\components\\AddNewMessage.js","statementMap":{"0":{"start":{"line":6,"column":40},"end":{"line":6,"column":44}},"1":{"start":{"line":7,"column":4},"end":{"line":10,"column":5}},"2":{"start":{"line":8,"column":6},"end":{"line":8,"column":41}},"3":{"start":{"line":9,"column":6},"end":{"line":9,"column":27}},"4":{"start":{"line":14,"column":4},"end":{"line":30,"column":6}},"5":{"start":{"line":21,"column":28},"end":{"line":21,"column":45}},"6":{"start":{"line":34,"column":0},"end":{"line":36,"column":1}}},"fnMap":{"0":{"name":"(anonymous_0)","decl":{"start":{"line":5,"column":16},"end":{"line":5,"column":17}},"loc":{"start":{"line":5,"column":23},"end":{"line":11,"column":3}},"line":5},"1":{"name":"(anonymous_1)","decl":{"start":{"line":13,"column":2},"end":{"line":13,"column":3}},"loc":{"start":{"line":13,"column":11},"end":{"line":31,"column":3}},"line":13},"2":{"name":"(anonymous_2)","decl":{"start":{"line":21,"column":17},"end":{"line":21,"column":18}},"loc":{"start":{"line":21,"column":27},"end":{"line":21,"column":46}},"line":21}},"branchMap":{"0":{"loc":{"start":{"line":7,"column":4},"end":{"line":10,"column":5}},"type":"if","locations":[{"start":{"line":7,"column":4},"end":{"line":10,"column":5}},{"start":{"line":7,"column":4},"end":{"line":10,"column":5}}],"line":7},"1":{"loc":{"start":{"line":7,"column":8},"end":{"line":7,"column":47}},"type":"binary-expr","locations":[{"start":{"line":7,"column":8},"end":{"line":7,"column":25}},{"start":{"line":7,"column":29},"end":{"line":7,"column":47}}],"line":7}},"s":{"0":0,"1":0,"2":0,"3":0,"4":2,"5":2,"6":2},"f":{"0":0,"1":2,"2":2},"b":{"0":[0,0],"1":[0,0]},"_coverageSchema":"332fd63041d2c1bcb487cc26dd0d5f7d97098a6c","hash":"20439688b77a1ac1d67694872a1f565cf173a817"}
,"C:\\Users\\vlaso\\Documents\\GitHub\\chat-react-redux-websocket\\src\\components\\Chat.js": {"path":"C:\\Users\\vlaso\\Documents\\GitHub\\chat-react-redux-websocket\\src\\components\\Chat.js","statementMap":{"0":{"start":{"line":7,"column":31},"end":{"line":7,"column":35}},"1":{"start":{"line":8,"column":4},"end":{"line":19,"column":6}},"2":{"start":{"line":12,"column":12},"end":{"line":15,"column":14}},"3":{"start":{"line":23,"column":0},"end":{"line":25,"column":1}}},"fnMap":{"0":{"name":"(anonymous_0)","decl":{"start":{"line":6,"column":2},"end":{"line":6,"column":3}},"loc":{"start":{"line":6,"column":11},"end":{"line":20,"column":3}},"line":6},"1":{"name":"(anonymous_1)","decl":{"start":{"line":11,"column":24},"end":{"line":11,"column":25}},"loc":{"start":{"line":12,"column":12},"end":{"line":15,"column":14}},"line":12}},"branchMap":{},"s":{"0":2,"1":2,"2":0,"3":2},"f":{"0":2,"1":0},"b":{},"_coverageSchema":"332fd63041d2c1bcb487cc26dd0d5f7d97098a6c","hash":"e7a2fdc27f11d310ea4ca298fa7cffdb508b182a"}
,"C:\\Users\\vlaso\\Documents\\GitHub\\chat-react-redux-websocket\\src\\components\\Login.js": {"path":"C:\\Users\\vlaso\\Documents\\GitHub\\chat-react-redux-websocket\\src\\components\\Login.js","statementMap":{"0":{"start":{"line":8,"column":4},"end":{"line":8,"column":12}},"1":{"start":{"line":9,"column":4},"end":{"line":12,"column":5}},"2":{"start":{"line":16,"column":54},"end":{"line":16,"column":58}},"3":{"start":{"line":17,"column":4},"end":{"line":26,"column":5}},"4":{"start":{"line":18,"column":23},"end":{"line":18,"column":43}},"5":{"start":{"line":19,"column":6},"end":{"line":19,"column":75}},"6":{"start":{"line":20,"column":6},"end":{"line":25,"column":7}},"7":{"start":{"line":21,"column":8},"end":{"line":21,"column":26}},"8":{"start":{"line":22,"column":8},"end":{"line":22,"column":24}},"9":{"start":{"line":23,"column":23},"end":{"line":23,"column":54}},"10":{"start":{"line":24,"column":8},"end":{"line":24,"column":55}},"11":{"start":{"line":30,"column":48},"end":{"line":30,"column":52}},"12":{"start":{"line":32,"column":4},"end":{"line":52,"column":5}},"13":{"start":{"line":42,"column":32},"end":{"line":42,"column":53}},"14":{"start":{"line":56,"column":0},"end":{"line":58,"column":1}}},"fnMap":{"0":{"name":"(anonymous_0)","decl":{"start":{"line":7,"column":2},"end":{"line":7,"column":3}},"loc":{"start":{"line":7,"column":16},"end":{"line":13,"column":3}},"line":7},"1":{"name":"(anonymous_1)","decl":{"start":{"line":15,"column":10},"end":{"line":15,"column":11}},"loc":{"start":{"line":15,"column":17},"end":{"line":27,"column":3}},"line":15},"2":{"name":"(anonymous_2)","decl":{"start":{"line":29,"column":2},"end":{"line":29,"column":3}},"loc":{"start":{"line":29,"column":11},"end":{"line":53,"column":3}},"line":29},"3":{"name":"(anonymous_3)","decl":{"start":{"line":42,"column":21},"end":{"line":42,"column":22}},"loc":{"start":{"line":42,"column":31},"end":{"line":42,"column":54}},"line":42}},"branchMap":{"0":{"loc":{"start":{"line":17,"column":4},"end":{"line":26,"column":5}},"type":"if","locations":[{"start":{"line":17,"column":4},"end":{"line":26,"column":5}},{"start":{"line":17,"column":4},"end":{"line":26,"column":5}}],"line":17},"1":{"loc":{"start":{"line":19,"column":20},"end":{"line":19,"column":73}},"type":"cond-expr","locations":[{"start":{"line":19,"column":31},"end":{"line":19,"column":53}},{"start":{"line":19,"column":56},"end":{"line":19,"column":73}}],"line":19},"2":{"loc":{"start":{"line":20,"column":6},"end":{"line":25,"column":7}},"type":"if","locations":[{"start":{"line":20,"column":6},"end":{"line":25,"column":7}},{"start":{"line":20,"column":6},"end":{"line":25,"column":7}}],"line":20},"3":{"loc":{"start":{"line":34,"column":9},"end":{"line":49,"column":16}},"type":"cond-expr","locations":[{"start":{"line":35,"column":12},"end":{"line":48,"column":16}},{"start":{"line":49,"column":12},"end":{"line":49,"column":16}}],"line":34},"4":{"loc":{"start":{"line":44,"column":13},"end":{"line":46,"column":20}},"type":"cond-expr","locations":[{"start":{"line":45,"column":16},"end":{"line":45,"column":74}},{"start":{"line":46,"column":16},"end":{"line":46,"column":20}}],"line":44}},"s":{"0":2,"1":2,"2":0,"3":0,"4":0,"5":0,"6":0,"7":0,"8":0,"9":0,"10":0,"11":2,"12":2,"13":2,"14":2},"f":{"0":2,"1":0,"2":2,"3":2},"b":{"0":[0,0],"1":[0,0],"2":[0,0],"3":[2,0],"4":[0,2]},"_coverageSchema":"332fd63041d2c1bcb487cc26dd0d5f7d97098a6c","hash":"4347cd211bc750e0b969c9894b7f98f164e19977"}
,"C:\\Users\\vlaso\\Documents\\GitHub\\chat-react-redux-websocket\\src\\components\\Message.js": {"path":"C:\\Users\\vlaso\\Documents\\GitHub\\chat-react-redux-websocket\\src\\components\\Message.js","statementMap":{"0":{"start":{"line":4,"column":16},"end":{"line":10,"column":1}},"1":{"start":{"line":5,"column":2},"end":{"line":9,"column":3}},"2":{"start":{"line":12,"column":0},"end":{"line":16,"column":1}}},"fnMap":{"0":{"name":"(anonymous_0)","decl":{"start":{"line":4,"column":16},"end":{"line":4,"column":17}},"loc":{"start":{"line":4,"column":45},"end":{"line":10,"column":1}},"line":4}},"branchMap":{},"s":{"0":3,"1":1,"2":3},"f":{"0":1},"b":{},"_coverageSchema":"332fd63041d2c1bcb487cc26dd0d5f7d97098a6c","hash":"9f09f5b9dfb88515a261b16f4b43b04c75be6a5a"}
,"C:\\Users\\vlaso\\Documents\\GitHub\\chat-react-redux-websocket\\src\\components\\Rating.js": {"path":"C:\\Users\\vlaso\\Documents\\GitHub\\chat-react-redux-websocket\\src\\components\\Rating.js","statementMap":{"0":{"start":{"line":5,"column":38},"end":{"line":5,"column":42}},"1":{"start":{"line":7,"column":17},"end":{"line":7,"column":19}},"2":{"start":{"line":8,"column":4},"end":{"line":16,"column":6}},"3":{"start":{"line":9,"column":18},"end":{"line":9,"column":19}},"4":{"start":{"line":10,"column":6},"end":{"line":15,"column":8}},"5":{"start":{"line":11,"column":8},"end":{"line":14,"column":9}},"6":{"start":{"line":12,"column":10},"end":{"line":12,"column":17}},"7":{"start":{"line":13,"column":10},"end":{"line":13,"column":36}},"8":{"start":{"line":17,"column":17},"end":{"line":17,"column":19}},"9":{"start":{"line":18,"column":4},"end":{"line":20,"column":5}},"10":{"start":{"line":19,"column":6},"end":{"line":19,"column":40}},"11":{"start":{"line":22,"column":4},"end":{"line":24,"column":7}},"12":{"start":{"line":23,"column":6},"end":{"line":23,"column":25}},"13":{"start":{"line":26,"column":4},"end":{"line":37,"column":6}},"14":{"start":{"line":31,"column":12},"end":{"line":33,"column":19}}},"fnMap":{"0":{"name":"(anonymous_0)","decl":{"start":{"line":4,"column":2},"end":{"line":4,"column":3}},"loc":{"start":{"line":4,"column":11},"end":{"line":38,"column":3}},"line":4},"1":{"name":"(anonymous_1)","decl":{"start":{"line":8,"column":18},"end":{"line":8,"column":19}},"loc":{"start":{"line":8,"column":26},"end":{"line":16,"column":5}},"line":8},"2":{"name":"(anonymous_2)","decl":{"start":{"line":10,"column":23},"end":{"line":10,"column":24}},"loc":{"start":{"line":10,"column":30},"end":{"line":15,"column":7}},"line":10},"3":{"name":"(anonymous_3)","decl":{"start":{"line":22,"column":16},"end":{"line":22,"column":17}},"loc":{"start":{"line":22,"column":26},"end":{"line":24,"column":5}},"line":22},"4":{"name":"(anonymous_4)","decl":{"start":{"line":30,"column":22},"end":{"line":30,"column":23}},"loc":{"start":{"line":31,"column":12},"end":{"line":33,"column":19}},"line":31}},"branchMap":{"0":{"loc":{"start":{"line":11,"column":8},"end":{"line":14,"column":9}},"type":"if","locations":[{"start":{"line":11,"column":8},"end":{"line":14,"column":9}},{"start":{"line":11,"column":8},"end":{"line":14,"column":9}}],"line":11},"1":{"loc":{"start":{"line":32,"column":27},"end":{"line":32,"column":48}},"type":"cond-expr","locations":[{"start":{"line":32,"column":37},"end":{"line":32,"column":44}},{"start":{"line":32,"column":47},"end":{"line":32,"column":48}}],"line":32}},"s":{"0":4,"1":4,"2":4,"3":2,"4":2,"5":2,"6":2,"7":2,"8":4,"9":4,"10":2,"11":4,"12":0,"13":4,"14":2},"f":{"0":4,"1":2,"2":2,"3":0,"4":2},"b":{"0":[2,0],"1":[2,0]},"_coverageSchema":"332fd63041d2c1bcb487cc26dd0d5f7d97098a6c","hash":"b8fc56831ad6edd975b46b3bb897ab418bc853ba"}
,"C:\\Users\\vlaso\\Documents\\GitHub\\chat-react-redux-websocket\\src\\components\\Sidebar.js": {"path":"C:\\Users\\vlaso\\Documents\\GitHub\\chat-react-redux-websocket\\src\\components\\Sidebar.js","statementMap":{"0":{"start":{"line":7,"column":4},"end":{"line":12,"column":6}}},"fnMap":{"0":{"name":"(anonymous_0)","decl":{"start":{"line":6,"column":2},"end":{"line":6,"column":3}},"loc":{"start":{"line":6,"column":11},"end":{"line":13,"column":3}},"line":6}},"branchMap":{},"s":{"0":2},"f":{"0":2},"b":{},"_coverageSchema":"332fd63041d2c1bcb487cc26dd0d5f7d97098a6c","hash":"97563c4b934807b0dc9028196879a6c4be0dae30"}
,"C:\\Users\\vlaso\\Documents\\GitHub\\chat-react-redux-websocket\\src\\components\\UserList.js": {"path":"C:\\Users\\vlaso\\Documents\\GitHub\\chat-react-redux-websocket\\src\\components\\UserList.js","statementMap":{"0":{"start":{"line":6,"column":28},"end":{"line":6,"column":32}},"1":{"start":{"line":8,"column":4},"end":{"line":17,"column":6}},"2":{"start":{"line":13,"column":12},"end":{"line":13,"column":78}},"3":{"start":{"line":21,"column":0},"end":{"line":23,"column":1}}},"fnMap":{"0":{"name":"(anonymous_0)","decl":{"start":{"line":5,"column":2},"end":{"line":5,"column":3}},"loc":{"start":{"line":5,"column":11},"end":{"line":18,"column":3}},"line":5},"1":{"name":"(anonymous_1)","decl":{"start":{"line":12,"column":21},"end":{"line":12,"column":22}},"loc":{"start":{"line":13,"column":12},"end":{"line":13,"column":78}},"line":13}},"branchMap":{},"s":{"0":3,"1":3,"2":0,"3":3},"f":{"0":3,"1":0},"b":{},"_coverageSchema":"332fd63041d2c1bcb487cc26dd0d5f7d97098a6c","hash":"f7cd7c441ced7e56b45c9fb0c500a28591c070a2"}
,"C:\\Users\\vlaso\\Documents\\GitHub\\chat-react-redux-websocket\\src\\containers\\AddNewMessage.js": {"path":"C:\\Users\\vlaso\\Documents\\GitHub\\chat-react-redux-websocket\\src\\containers\\AddNewMessage.js","statementMap":{"0":{"start":{"line":5,"column":27},"end":{"line":9,"column":2}},"1":{"start":{"line":5,"column":40},"end":{"line":9,"column":1}},"2":{"start":{"line":7,"column":4},"end":{"line":7,"column":42}},"3":{"start":{"line":11,"column":29},"end":{"line":13,"column":47}},"4":{"start":{"line":11,"column":47},"end":{"line":13,"column":1}}},"fnMap":{"0":{"name":"(anonymous_0)","decl":{"start":{"line":5,"column":27},"end":{"line":5,"column":28}},"loc":{"start":{"line":5,"column":40},"end":{"line":9,"column":1}},"line":5},"1":{"name":"(anonymous_1)","decl":{"start":{"line":6,"column":14},"end":{"line":6,"column":15}},"loc":{"start":{"line":6,"column":35},"end":{"line":8,"column":3}},"line":6},"2":{"name":"(anonymous_2)","decl":{"start":{"line":11,"column":37},"end":{"line":11,"column":38}},"loc":{"start":{"line":11,"column":47},"end":{"line":13,"column":1}},"line":11}},"branchMap":{},"s":{"0":1,"1":1,"2":0,"3":1,"4":1},"f":{"0":1,"1":0,"2":1},"b":{},"_coverageSchema":"332fd63041d2c1bcb487cc26dd0d5f7d97098a6c","hash":"b43ff645442939ebb60ce09de530c66f417e5d98"}
,"C:\\Users\\vlaso\\Documents\\GitHub\\chat-react-redux-websocket\\src\\containers\\Chat.js": {"path":"C:\\Users\\vlaso\\Documents\\GitHub\\chat-react-redux-websocket\\src\\containers\\Chat.js","statementMap":{"0":{"start":{"line":4,"column":20},"end":{"line":6,"column":22}},"1":{"start":{"line":4,"column":38},"end":{"line":6,"column":1}}},"fnMap":{"0":{"name":"(anonymous_0)","decl":{"start":{"line":4,"column":28},"end":{"line":4,"column":29}},"loc":{"start":{"line":4,"column":38},"end":{"line":6,"column":1}},"line":4}},"branchMap":{},"s":{"0":1,"1":1},"f":{"0":1},"b":{},"_coverageSchema":"332fd63041d2c1bcb487cc26dd0d5f7d97098a6c","hash":"71e9c855f4f5e806412c8064a26026d80c1e8f75"}
,"C:\\Users\\vlaso\\Documents\\GitHub\\chat-react-redux-websocket\\src\\containers\\Login.js": {"path":"C:\\Users\\vlaso\\Documents\\GitHub\\chat-react-redux-websocket\\src\\containers\\Login.js","statementMap":{"0":{"start":{"line":5,"column":27},"end":{"line":12,"column":2}},"1":{"start":{"line":5,"column":40},"end":{"line":12,"column":1}},"2":{"start":{"line":7,"column":4},"end":{"line":7,"column":27}},"3":{"start":{"line":10,"column":4},"end":{"line":10,"column":25}},"4":{"start":{"line":14,"column":21},"end":{"line":14,"column":76}},"5":{"start":{"line":14,"column":36},"end":{"line":14,"column":38}}},"fnMap":{"0":{"name":"(anonymous_0)","decl":{"start":{"line":5,"column":27},"end":{"line":5,"column":28}},"loc":{"start":{"line":5,"column":40},"end":{"line":12,"column":1}},"line":5},"1":{"name":"(anonymous_1)","decl":{"start":{"line":6,"column":11},"end":{"line":6,"column":12}},"loc":{"start":{"line":6,"column":21},"end":{"line":8,"column":3}},"line":6},"2":{"name":"(anonymous_2)","decl":{"start":{"line":9,"column":9},"end":{"line":9,"column":10}},"loc":{"start":{"line":9,"column":19},"end":{"line":11,"column":3}},"line":9},"3":{"name":"(anonymous_3)","decl":{"start":{"line":14,"column":29},"end":{"line":14,"column":30}},"loc":{"start":{"line":14,"column":36},"end":{"line":14,"column":38}},"line":14}},"branchMap":{},"s":{"0":1,"1":1,"2":0,"3":0,"4":1,"5":1},"f":{"0":1,"1":0,"2":0,"3":1},"b":{},"_coverageSchema":"332fd63041d2c1bcb487cc26dd0d5f7d97098a6c","hash":"83b7ee3fcc7561816db820d2fdb9c060bce274ce"}
,"C:\\Users\\vlaso\\Documents\\GitHub\\chat-react-redux-websocket\\src\\containers\\Sidebar.js": {"path":"C:\\Users\\vlaso\\Documents\\GitHub\\chat-react-redux-websocket\\src\\containers\\Sidebar.js","statementMap":{"0":{"start":{"line":4,"column":23},"end":{"line":7,"column":25}},"1":{"start":{"line":4,"column":41},"end":{"line":7,"column":1}}},"fnMap":{"0":{"name":"(anonymous_0)","decl":{"start":{"line":4,"column":31},"end":{"line":4,"column":32}},"loc":{"start":{"line":4,"column":41},"end":{"line":7,"column":1}},"line":4}},"branchMap":{},"s":{"0":1,"1":1},"f":{"0":1},"b":{},"_coverageSchema":"332fd63041d2c1bcb487cc26dd0d5f7d97098a6c","hash":"c9046ead66a83a3dc47fe85762688583b289f1a3"}
,"C:\\Users\\vlaso\\Documents\\GitHub\\chat-react-redux-websocket\\src\\sagas\\index.js": {"path":"C:\\Users\\vlaso\\Documents\\GitHub\\chat-react-redux-websocket\\src\\sagas\\index.js","statementMap":{"0":{"start":{"line":4,"column":25},"end":{"line":9,"column":1}},"1":{"start":{"line":5,"column":2},"end":{"line":8,"column":4}},"2":{"start":{"line":6,"column":4},"end":{"line":6,"column":36}},"3":{"start":{"line":7,"column":4},"end":{"line":7,"column":47}}},"fnMap":{"0":{"name":"handleNewMessage","decl":{"start":{"line":4,"column":35},"end":{"line":4,"column":51}},"loc":{"start":{"line":4,"column":60},"end":{"line":9,"column":1}},"line":4},"1":{"name":"(anonymous_1)","decl":{"start":{"line":5,"column":37},"end":{"line":5,"column":38}},"loc":{"start":{"line":5,"column":49},"end":{"line":8,"column":3}},"line":5}},"branchMap":{},"s":{"0":2,"1":0,"2":0,"3":0},"f":{"0":0,"1":0},"b":{},"_coverageSchema":"332fd63041d2c1bcb487cc26dd0d5f7d97098a6c","hash":"9ade0f6fa0202fba622fd6f017d551372c88ae3f"}
,"C:\\Users\\vlaso\\Documents\\GitHub\\chat-react-redux-websocket\\src\\sockets\\index.js": {"path":"C:\\Users\\vlaso\\Documents\\GitHub\\chat-react-redux-websocket\\src\\sockets\\index.js","statementMap":{"0":{"start":{"line":4,"column":20},"end":{"line":33,"column":1}},"1":{"start":{"line":6,"column":17},"end":{"line":6,"column":53}},"2":{"start":{"line":8,"column":2},"end":{"line":13,"column":3}},"3":{"start":{"line":9,"column":4},"end":{"line":12,"column":7}},"4":{"start":{"line":15,"column":2},"end":{"line":30,"column":3}},"5":{"start":{"line":16,"column":17},"end":{"line":16,"column":39}},"6":{"start":{"line":17,"column":4},"end":{"line":29,"column":5}},"7":{"start":{"line":19,"column":8},"end":{"line":19,"column":61}},"8":{"start":{"line":20,"column":8},"end":{"line":20,"column":13}},"9":{"start":{"line":22,"column":8},"end":{"line":22,"column":37}},"10":{"start":{"line":23,"column":8},"end":{"line":23,"column":13}},"11":{"start":{"line":25,"column":8},"end":{"line":25,"column":40}},"12":{"start":{"line":26,"column":8},"end":{"line":26,"column":13}},"13":{"start":{"line":28,"column":8},"end":{"line":28,"column":13}},"14":{"start":{"line":32,"column":2},"end":{"line":32,"column":16}}},"fnMap":{"0":{"name":"(anonymous_0)","decl":{"start":{"line":4,"column":20},"end":{"line":4,"column":21}},"loc":{"start":{"line":4,"column":44},"end":{"line":33,"column":1}},"line":4},"1":{"name":"(anonymous_1)","decl":{"start":{"line":8,"column":18},"end":{"line":8,"column":19}},"loc":{"start":{"line":8,"column":24},"end":{"line":13,"column":3}},"line":8},"2":{"name":"(anonymous_2)","decl":{"start":{"line":15,"column":21},"end":{"line":15,"column":22}},"loc":{"start":{"line":15,"column":30},"end":{"line":30,"column":3}},"line":15}},"branchMap":{"0":{"loc":{"start":{"line":17,"column":4},"end":{"line":29,"column":5}},"type":"switch","locations":[{"start":{"line":18,"column":6},"end":{"line":20,"column":13}},{"start":{"line":21,"column":6},"end":{"line":23,"column":13}},{"start":{"line":24,"column":6},"end":{"line":26,"column":13}},{"start":{"line":27,"column":6},"end":{"line":28,"column":13}}],"line":17}},"s":{"0":2,"1":0,"2":0,"3":0,"4":0,"5":0,"6":0,"7":0,"8":0,"9":0,"10":0,"11":0,"12":0,"13":0,"14":0},"f":{"0":0,"1":0,"2":0},"b":{"0":[0,0,0,0]},"_coverageSchema":"332fd63041d2c1bcb487cc26dd0d5f7d97098a6c","hash":"02d798245e7f694772057a9671945fde372e2250"}
,"C:\\Users\\vlaso\\Documents\\GitHub\\chat-react-redux-websocket\\src\\store\\actionTypes.js": {"path":"C:\\Users\\vlaso\\Documents\\GitHub\\chat-react-redux-websocket\\src\\store\\actionTypes.js","statementMap":{"0":{"start":{"line":1,"column":27},"end":{"line":1,"column":40}},"1":{"start":{"line":2,"column":32},"end":{"line":2,"column":50}},"2":{"start":{"line":3,"column":24},"end":{"line":3,"column":34}},"3":{"start":{"line":4,"column":26},"end":{"line":4,"column":38}},"4":{"start":{"line":5,"column":21},"end":{"line":5,"column":28}}},"fnMap":{},"branchMap":{},"s":{"0":4,"1":4,"2":4,"3":4,"4":4},"f":{},"b":{},"_coverageSchema":"332fd63041d2c1bcb487cc26dd0d5f7d97098a6c","hash":"432acfddf9ccf05ae5ea5de15ddc236edfcd8ed0"}
,"C:\\Users\\vlaso\\Documents\\GitHub\\chat-react-redux-websocket\\src\\store\\actions.js": {"path":"C:\\Users\\vlaso\\Documents\\GitHub\\chat-react-redux-websocket\\src\\store\\actions.js","statementMap":{"0":{"start":{"line":3,"column":20},"end":{"line":3,"column":21}},"1":{"start":{"line":4,"column":17},"end":{"line":4,"column":18}},"2":{"start":{"line":7,"column":13},"end":{"line":7,"column":23}},"3":{"start":{"line":8,"column":13},"end":{"line":10,"column":14}},"4":{"start":{"line":9,"column":4},"end":{"line":9,"column":31}},"5":{"start":{"line":11,"column":2},"end":{"line":11,"column":14}},"6":{"start":{"line":14,"column":26},"end":{"line":20,"column":2}},"7":{"start":{"line":14,"column":48},"end":{"line":20,"column":1}},"8":{"start":{"line":22,"column":23},"end":{"line":26,"column":2}},"9":{"start":{"line":22,"column":32},"end":{"line":26,"column":1}},"10":{"start":{"line":28,"column":31},"end":{"line":34,"column":2}},"11":{"start":{"line":28,"column":53},"end":{"line":34,"column":1}},"12":{"start":{"line":36,"column":25},"end":{"line":39,"column":2}},"13":{"start":{"line":36,"column":35},"end":{"line":39,"column":1}},"14":{"start":{"line":41,"column":21},"end":{"line":44,"column":2}},"15":{"start":{"line":41,"column":30},"end":{"line":44,"column":1}}},"fnMap":{"0":{"name":"getTime","decl":{"start":{"line":6,"column":16},"end":{"line":6,"column":23}},"loc":{"start":{"line":6,"column":26},"end":{"line":12,"column":1}},"line":6},"1":{"name":"(anonymous_1)","decl":{"start":{"line":8,"column":54},"end":{"line":8,"column":55}},"loc":{"start":{"line":8,"column":59},"end":{"line":10,"column":3}},"line":8},"2":{"name":"(anonymous_2)","decl":{"start":{"line":14,"column":26},"end":{"line":14,"column":27}},"loc":{"start":{"line":14,"column":48},"end":{"line":20,"column":1}},"line":14},"3":{"name":"(anonymous_3)","decl":{"start":{"line":22,"column":23},"end":{"line":22,"column":24}},"loc":{"start":{"line":22,"column":32},"end":{"line":26,"column":1}},"line":22},"4":{"name":"(anonymous_4)","decl":{"start":{"line":28,"column":31},"end":{"line":28,"column":32}},"loc":{"start":{"line":28,"column":53},"end":{"line":34,"column":1}},"line":28},"5":{"name":"(anonymous_5)","decl":{"start":{"line":36,"column":25},"end":{"line":36,"column":26}},"loc":{"start":{"line":36,"column":35},"end":{"line":39,"column":1}},"line":36},"6":{"name":"(anonymous_6)","decl":{"start":{"line":41,"column":21},"end":{"line":41,"column":22}},"loc":{"start":{"line":41,"column":30},"end":{"line":44,"column":1}},"line":41}},"branchMap":{"0":{"loc":{"start":{"line":9,"column":11},"end":{"line":9,"column":31}},"type":"cond-expr","locations":[{"start":{"line":9,"column":20},"end":{"line":9,"column":27}},{"start":{"line":9,"column":30},"end":{"line":9,"column":31}}],"line":9}},"s":{"0":3,"1":3,"2":2,"3":2,"4":4,"5":2,"6":3,"7":2,"8":3,"9":2,"10":3,"11":0,"12":3,"13":0,"14":3,"15":0},"f":{"0":2,"1":4,"2":2,"3":2,"4":0,"5":0,"6":0},"b":{"0":[0,4]},"_coverageSchema":"332fd63041d2c1bcb487cc26dd0d5f7d97098a6c","hash":"7b84377d743c7df11e7b38ae6958ba12475473c5"}
,"C:\\Users\\vlaso\\Documents\\GitHub\\chat-react-redux-websocket\\src\\store\\reducers.js": {"path":"C:\\Users\\vlaso\\Documents\\GitHub\\chat-react-redux-websocket\\src\\store\\reducers.js","statementMap":{"0":{"start":{"line":4,"column":2},"end":{"line":17,"column":3}},"1":{"start":{"line":7,"column":6},"end":{"line":14,"column":8}},"2":{"start":{"line":16,"column":6},"end":{"line":16,"column":19}},"3":{"start":{"line":21,"column":2},"end":{"line":30,"column":3}},"4":{"start":{"line":23,"column":6},"end":{"line":25,"column":8}},"5":{"start":{"line":27,"column":6},"end":{"line":27,"column":25}},"6":{"start":{"line":29,"column":6},"end":{"line":29,"column":19}},"7":{"start":{"line":34,"column":2},"end":{"line":39,"column":3}},"8":{"start":{"line":36,"column":6},"end":{"line":36,"column":24}},"9":{"start":{"line":38,"column":6},"end":{"line":38,"column":19}}},"fnMap":{"0":{"name":"messages","decl":{"start":{"line":3,"column":16},"end":{"line":3,"column":24}},"loc":{"start":{"line":3,"column":45},"end":{"line":18,"column":1}},"line":3},"1":{"name":"users","decl":{"start":{"line":20,"column":16},"end":{"line":20,"column":21}},"loc":{"start":{"line":20,"column":42},"end":{"line":31,"column":1}},"line":20},"2":{"name":"login","decl":{"start":{"line":33,"column":16},"end":{"line":33,"column":21}},"loc":{"start":{"line":33,"column":42},"end":{"line":40,"column":1}},"line":33}},"branchMap":{"0":{"loc":{"start":{"line":3,"column":25},"end":{"line":3,"column":35}},"type":"default-arg","locations":[{"start":{"line":3,"column":33},"end":{"line":3,"column":35}}],"line":3},"1":{"loc":{"start":{"line":4,"column":2},"end":{"line":17,"column":3}},"type":"switch","locations":[{"start":{"line":5,"column":4},"end":{"line":5,"column":27}},{"start":{"line":6,"column":4},"end":{"line":14,"column":8}},{"start":{"line":15,"column":4},"end":{"line":16,"column":19}}],"line":4},"2":{"loc":{"start":{"line":20,"column":22},"end":{"line":20,"column":32}},"type":"default-arg","locations":[{"start":{"line":20,"column":30},"end":{"line":20,"column":32}}],"line":20},"3":{"loc":{"start":{"line":21,"column":2},"end":{"line":30,"column":3}},"type":"switch","locations":[{"start":{"line":22,"column":4},"end":{"line":25,"column":8}},{"start":{"line":26,"column":4},"end":{"line":27,"column":25}},{"start":{"line":28,"column":4},"end":{"line":29,"column":19}}],"line":21},"4":{"loc":{"start":{"line":33,"column":22},"end":{"line":33,"column":32}},"type":"default-arg","locations":[{"start":{"line":33,"column":30},"end":{"line":33,"column":32}}],"line":33},"5":{"loc":{"start":{"line":34,"column":2},"end":{"line":39,"column":3}},"type":"switch","locations":[{"start":{"line":35,"column":4},"end":{"line":36,"column":24}},{"start":{"line":37,"column":4},"end":{"line":38,"column":19}}],"line":34}},"s":{"0":6,"1":2,"2":4,"3":6,"4":2,"5":0,"6":4,"7":4,"8":1,"9":3},"f":{"0":6,"1":6,"2":4},"b":{"0":[4],"1":[2,2,4],"2":[4],"3":[2,0,4],"4":[3],"5":[1,3]},"_coverageSchema":"332fd63041d2c1bcb487cc26dd0d5f7d97098a6c","hash":"7e18295af1f5ee0f5b8b4763e91c66b335e052e7"}
}
