TN:
SF:C:\Users\vlaso\Documents\GitHub\chat-react-redux-websocket\src\App.js
FN:9,(anonymous_0)
FNF:1
FNH:1
FNDA:1,(anonymous_0)
DA:10,1
LF:1
LH:1
BRF:0
BRH:0
end_of_record
TN:
SF:C:\Users\vlaso\Documents\GitHub\chat-react-redux-websocket\src\index.js
FNF:0
FNH:0
DA:1,0
DA:2,0
DA:3,0
DA:4,0
DA:5,0
DA:6,0
DA:7,0
DA:8,0
DA:10,0
DA:12,0
DA:23,0
DA:33,0
LF:12
LH:0
BRDA:17,0,0,0
BRDA:17,0,1,0
BRDA:17,1,0,0
BRDA:17,1,1,0
BRF:4
BRH:0
end_of_record
TN:
SF:C:\Users\vlaso\Documents\GitHub\chat-react-redux-websocket\src\serviceWorker.js
FN:11,register
FN:22,(anonymous_1)
FN:31,(anonymous_2)
FN:45,registerValidSW
FN:48,(anonymous_4)
FN:49,(anonymous_5)
FN:54,(anonymous_6)
FN:84,(anonymous_7)
FN:89,checkValidServiceWorker
FN:92,(anonymous_9)
FN:100,(anonymous_10)
FN:101,(anonymous_11)
FN:110,(anonymous_12)
FN:117,unregister
FN:119,(anonymous_14)
FNF:15
FNH:0
FNDA:0,register
FNDA:0,(anonymous_1)
FNDA:0,(anonymous_2)
FNDA:0,registerValidSW
FNDA:0,(anonymous_4)
FNDA:0,(anonymous_5)
FNDA:0,(anonymous_6)
FNDA:0,(anonymous_7)
FNDA:0,checkValidServiceWorker
FNDA:0,(anonymous_9)
FNDA:0,(anonymous_10)
FNDA:0,(anonymous_11)
FNDA:0,(anonymous_12)
FNDA:0,unregister
FNDA:0,(anonymous_14)
DA:1,0
DA:12,0
DA:14,0
DA:15,0
DA:19,0
DA:22,0
DA:23,0
DA:25,0
DA:27,0
DA:31,0
DA:32,0
DA:39,0
DA:46,0
DA:49,0
DA:50,0
DA:51,0
DA:52,0
DA:54,0
DA:55,0
DA:56,0
DA:60,0
DA:66,0
DA:67,0
DA:73,0
DA:76,0
DA:77,0
DA:85,0
DA:91,0
DA:94,0
DA:95,0
DA:100,0
DA:101,0
DA:102,0
DA:107,0
DA:111,0
DA:118,0
DA:119,0
DA:120,0
LF:38
LH:0
BRDA:2,0,0,0
BRDA:2,0,1,0
BRDA:2,0,2,0
BRDA:12,1,0,0
BRDA:12,1,1,0
BRDA:12,2,0,0
BRDA:12,2,1,0
BRDA:15,3,0,0
BRDA:15,3,1,0
BRDA:25,4,0,0
BRDA:25,4,1,0
BRDA:51,5,0,0
BRDA:51,5,1,0
BRDA:55,6,0,0
BRDA:55,6,1,0
BRDA:56,7,0,0
BRDA:56,7,1,0
BRDA:66,8,0,0
BRDA:66,8,1,0
BRDA:66,9,0,0
BRDA:66,9,1,0
BRDA:76,10,0,0
BRDA:76,10,1,0
BRDA:76,11,0,0
BRDA:76,11,1,0
BRDA:95,12,0,0
BRDA:95,12,1,0
BRDA:96,13,0,0
BRDA:96,13,1,0
BRDA:96,13,2,0
BRDA:118,14,0,0
BRDA:118,14,1,0
BRF:32
BRH:0
end_of_record
TN:
SF:C:\Users\vlaso\Documents\GitHub\chat-react-redux-websocket\src\components\AddNewMessage.js
FN:5,(anonymous_0)
FN:13,(anonymous_1)
FN:21,(anonymous_2)
FNF:3
FNH:2
FNDA:0,(anonymous_0)
FNDA:2,(anonymous_1)
FNDA:2,(anonymous_2)
DA:6,0
DA:7,0
DA:8,0
DA:9,0
DA:14,2
DA:21,2
DA:34,2
LF:7
LH:3
BRDA:7,0,0,0
BRDA:7,0,1,0
BRDA:7,1,0,0
BRDA:7,1,1,0
BRF:4
BRH:0
end_of_record
TN:
SF:C:\Users\vlaso\Documents\GitHub\chat-react-redux-websocket\src\components\Chat.js
FN:6,(anonymous_0)
FN:11,(anonymous_1)
FNF:2
FNH:1
FNDA:2,(anonymous_0)
FNDA:0,(anonymous_1)
DA:7,2
DA:8,2
DA:12,0
DA:23,2
LF:4
LH:3
BRF:0
BRH:0
end_of_record
TN:
SF:C:\Users\vlaso\Documents\GitHub\chat-react-redux-websocket\src\components\Login.js
FN:7,(anonymous_0)
FN:15,(anonymous_1)
FN:29,(anonymous_2)
FN:42,(anonymous_3)
FNF:4
FNH:3
FNDA:2,(anonymous_0)
FNDA:0,(anonymous_1)
FNDA:2,(anonymous_2)
FNDA:2,(anonymous_3)
DA:8,2
DA:9,2
DA:16,0
DA:17,0
DA:18,0
DA:19,0
DA:20,0
DA:21,0
DA:22,0
DA:23,0
DA:24,0
DA:30,2
DA:32,2
DA:42,2
DA:56,2
LF:15
LH:6
BRDA:17,0,0,0
BRDA:17,0,1,0
BRDA:19,1,0,0
BRDA:19,1,1,0
BRDA:20,2,0,0
BRDA:20,2,1,0
BRDA:34,3,0,2
BRDA:34,3,1,0
BRDA:44,4,0,0
BRDA:44,4,1,2
BRF:10
BRH:2
end_of_record
TN:
SF:C:\Users\vlaso\Documents\GitHub\chat-react-redux-websocket\src\components\Message.js
FN:4,(anonymous_0)
FNF:1
FNH:1
FNDA:1,(anonymous_0)
DA:4,3
DA:5,1
DA:12,3
LF:3
LH:3
BRF:0
BRH:0
end_of_record
TN:
SF:C:\Users\vlaso\Documents\GitHub\chat-react-redux-websocket\src\components\Rating.js
FN:4,(anonymous_0)
FN:8,(anonymous_1)
FN:10,(anonymous_2)
FN:22,(anonymous_3)
FN:30,(anonymous_4)
FNF:5
FNH:4
FNDA:4,(anonymous_0)
FNDA:2,(anonymous_1)
FNDA:2,(anonymous_2)
FNDA:0,(anonymous_3)
FNDA:2,(anonymous_4)
DA:5,4
DA:7,4
DA:8,4
DA:9,2
DA:10,2
DA:11,2
DA:12,2
DA:13,2
DA:17,4
DA:18,4
DA:19,2
DA:22,4
DA:23,0
DA:26,4
DA:31,2
LF:15
LH:14
BRDA:11,0,0,2
BRDA:11,0,1,0
BRDA:32,1,0,2
BRDA:32,1,1,0
BRF:4
BRH:2
end_of_record
TN:
SF:C:\Users\vlaso\Documents\GitHub\chat-react-redux-websocket\src\components\Sidebar.js
FN:6,(anonymous_0)
FNF:1
FNH:1
FNDA:2,(anonymous_0)
DA:7,2
LF:1
LH:1
BRF:0
BRH:0
end_of_record
TN:
SF:C:\Users\vlaso\Documents\GitHub\chat-react-redux-websocket\src\components\UserList.js
FN:5,(anonymous_0)
FN:12,(anonymous_1)
FNF:2
FNH:1
FNDA:3,(anonymous_0)
FNDA:0,(anonymous_1)
DA:6,3
DA:8,3
DA:13,0
DA:21,3
LF:4
LH:3
BRF:0
BRH:0
end_of_record
TN:
SF:C:\Users\vlaso\Documents\GitHub\chat-react-redux-websocket\src\containers\AddNewMessage.js
FN:5,(anonymous_0)
FN:6,(anonymous_1)
FN:11,(anonymous_2)
FNF:3
FNH:2
FNDA:1,(anonymous_0)
FNDA:0,(anonymous_1)
FNDA:1,(anonymous_2)
DA:5,1
DA:7,0
DA:11,1
LF:3
LH:2
BRF:0
BRH:0
end_of_record
TN:
SF:C:\Users\vlaso\Documents\GitHub\chat-react-redux-websocket\src\containers\Chat.js
FN:4,(anonymous_0)
FNF:1
FNH:1
FNDA:1,(anonymous_0)
DA:4,1
LF:1
LH:1
BRF:0
BRH:0
end_of_record
TN:
SF:C:\Users\vlaso\Documents\GitHub\chat-react-redux-websocket\src\containers\Login.js
FN:5,(anonymous_0)
FN:6,(anonymous_1)
FN:9,(anonymous_2)
FN:14,(anonymous_3)
FNF:4
FNH:2
FNDA:1,(anonymous_0)
FNDA:0,(anonymous_1)
FNDA:0,(anonymous_2)
FNDA:1,(anonymous_3)
DA:5,1
DA:7,0
DA:10,0
DA:14,1
LF:4
LH:2
BRF:0
BRH:0
end_of_record
TN:
SF:C:\Users\vlaso\Documents\GitHub\chat-react-redux-websocket\src\containers\Sidebar.js
FN:4,(anonymous_0)
FNF:1
FNH:1
FNDA:1,(anonymous_0)
DA:4,1
LF:1
LH:1
BRF:0
BRH:0
end_of_record
TN:
SF:C:\Users\vlaso\Documents\GitHub\chat-react-redux-websocket\src\sagas\index.js
FN:4,handleNewMessage
FN:5,(anonymous_1)
FNF:2
FNH:0
FNDA:0,handleNewMessage
FNDA:0,(anonymous_1)
DA:4,2
DA:5,0
DA:6,0
DA:7,0
LF:4
LH:1
BRF:0
BRH:0
end_of_record
TN:
SF:C:\Users\vlaso\Documents\GitHub\chat-react-redux-websocket\src\sockets\index.js
FN:4,(anonymous_0)
FN:8,(anonymous_1)
FN:15,(anonymous_2)
FNF:3
FNH:0
FNDA:0,(anonymous_0)
FNDA:0,(anonymous_1)
FNDA:0,(anonymous_2)
DA:4,2
DA:6,0
DA:8,0
DA:9,0
DA:15,0
DA:16,0
DA:17,0
DA:19,0
DA:20,0
DA:22,0
DA:23,0
DA:25,0
DA:26,0
DA:28,0
DA:32,0
LF:15
LH:1
BRDA:17,0,0,0
BRDA:17,0,1,0
BRDA:17,0,2,0
BRDA:17,0,3,0
BRF:4
BRH:0
end_of_record
TN:
SF:C:\Users\vlaso\Documents\GitHub\chat-react-redux-websocket\src\store\actionTypes.js
FNF:0
FNH:0
DA:1,4
DA:2,4
DA:3,4
DA:4,4
DA:5,4
LF:5
LH:5
BRF:0
BRH:0
end_of_record
TN:
SF:C:\Users\vlaso\Documents\GitHub\chat-react-redux-websocket\src\store\actions.js
FN:6,getTime
FN:8,(anonymous_1)
FN:14,(anonymous_2)
FN:22,(anonymous_3)
FN:28,(anonymous_4)
FN:36,(anonymous_5)
FN:41,(anonymous_6)
FNF:7
FNH:4
FNDA:2,getTime
FNDA:4,(anonymous_1)
FNDA:2,(anonymous_2)
FNDA:2,(anonymous_3)
FNDA:0,(anonymous_4)
FNDA:0,(anonymous_5)
FNDA:0,(anonymous_6)
DA:3,3
DA:4,3
DA:7,2
DA:8,2
DA:9,4
DA:11,2
DA:14,3
DA:22,3
DA:28,3
DA:36,3
DA:41,3
LF:11
LH:11
BRDA:9,0,0,0
BRDA:9,0,1,4
BRF:2
BRH:1
end_of_record
TN:
SF:C:\Users\vlaso\Documents\GitHub\chat-react-redux-websocket\src\store\reducers.js
FN:3,messages
FN:20,users
FN:33,login
FNF:3
FNH:3
FNDA:6,messages
FNDA:6,users
FNDA:4,login
DA:4,6
DA:7,2
DA:16,4
DA:21,6
DA:23,2
DA:27,0
DA:29,4
DA:34,4
DA:36,1
DA:38,3
LF:10
LH:9
BRDA:3,0,0,4
BRDA:4,1,0,2
BRDA:4,1,1,2
BRDA:4,1,2,4
BRDA:20,2,0,4
BRDA:21,3,0,2
BRDA:21,3,1,0
BRDA:21,3,2,4
BRDA:33,4,0,3
BRDA:34,5,0,1
BRDA:34,5,1,3
BRF:11
BRH:10
end_of_record
